Determining if the log2 exist failed with the following output:
Change Dir: /Users/prager/Projects/uhd/build/CMakeFiles/CMakeTmp

Run Build Command:"/usr/bin/make" "cmTC_de6d4/fast"
/Applications/Xcode.app/Contents/Developer/usr/bin/make -f CMakeFiles/cmTC_de6d4.dir/build.make CMakeFiles/cmTC_de6d4.dir/build
Building CXX object CMakeFiles/cmTC_de6d4.dir/CheckSymbolExists.cxx.o
/usr/bin/llvm-g++    -fvisibility=hidden -fvisibility-inlines-hidden    -o CMakeFiles/cmTC_de6d4.dir/CheckSymbolExists.cxx.o -c /Users/prager/Projects/uhd/build/CMakeFiles/CMakeTmp/CheckSymbolExists.cxx
/Users/prager/Projects/uhd/build/CMakeFiles/CMakeTmp/CheckSymbolExists.cxx:8:19: error: address of overloaded function 'log2' does not match required type 'int'
  return ((int*)(&log2))[argc];
                  ^~~~
/Applications/Xcode.app/Contents/Developer/Toolchains/XcodeDefault.xctoolchain/usr/include/c++/v1/math.h:1303:46: note: candidate function
inline _LIBCPP_INLINE_VISIBILITY long double log2(long double __lcpp_x) _NOEXCEPT {return ::log2l(__lcpp_x);}
                                             ^
/Applications/Xcode.app/Contents/Developer/Toolchains/XcodeDefault.xctoolchain/usr/include/c++/v1/math.h:1302:46: note: candidate function
inline _LIBCPP_INLINE_VISIBILITY float       log2(float __lcpp_x) _NOEXCEPT       {return ::log2f(__lcpp_x);}
                                             ^
/usr/include/math.h:395:15: note: candidate function
extern double log2(double);
              ^
/Applications/Xcode.app/Contents/Developer/Toolchains/XcodeDefault.xctoolchain/usr/include/c++/v1/math.h:1308:1: note: candidate template ignored: could not match 'typename std::enable_if<std::is_integral<_A1>::value, double>::type (_A1) throw()' against 'int'
log2(_A1 __lcpp_x) _NOEXCEPT {return ::log2((double)__lcpp_x);}
^
1 error generated.
make[1]: *** [CMakeFiles/cmTC_de6d4.dir/CheckSymbolExists.cxx.o] Error 1
make: *** [cmTC_de6d4/fast] Error 2

File /Users/prager/Projects/uhd/build/CMakeFiles/CMakeTmp/CheckSymbolExists.cxx:
/* */
#include <cmath>

int main(int argc, char** argv)
{
  (void)argv;
#ifndef log2
  return ((int*)(&log2))[argc];
#else
  (void)argc;
  return 0;
#endif
}

Performing C++ SOURCE FILE Test HAVE_WIN_SETTHREADPRIORITY failed with the following output:
Change Dir: /Users/prager/Projects/uhd/build/CMakeFiles/CMakeTmp

Run Build Command:"/usr/bin/make" "cmTC_8c5d6/fast"
/Applications/Xcode.app/Contents/Developer/usr/bin/make -f CMakeFiles/cmTC_8c5d6.dir/build.make CMakeFiles/cmTC_8c5d6.dir/build
Building CXX object CMakeFiles/cmTC_8c5d6.dir/src.cxx.o
/usr/bin/llvm-g++   -I/usr/local/Cellar/libusb/1.0.22/include/libusb-1.0  -fvisibility=hidden -fvisibility-inlines-hidden -DHAVE_WIN_SETTHREADPRIORITY   -o CMakeFiles/cmTC_8c5d6.dir/src.cxx.o -c /Users/prager/Projects/uhd/build/CMakeFiles/CMakeTmp/src.cxx
/Users/prager/Projects/uhd/build/CMakeFiles/CMakeTmp/src.cxx:2:14: fatal error: 'windows.h' file not found
    #include <windows.h>
             ^~~~~~~~~~~
1 error generated.
make[1]: *** [CMakeFiles/cmTC_8c5d6.dir/src.cxx.o] Error 1
make: *** [cmTC_8c5d6/fast] Error 2

Source file was:

    #include <windows.h>
    int main(){
        SetThreadPriority(GetCurrentThread(), 0);
        SetPriorityClass(GetCurrentProcess(), 0);
        return 0;
    }
    
Performing C++ SOURCE FILE Test HAVE_PTHREAD_SETNAME failed with the following output:
Change Dir: /Users/prager/Projects/uhd/build/CMakeFiles/CMakeTmp

Run Build Command:"/usr/bin/make" "cmTC_a1dda/fast"
/Applications/Xcode.app/Contents/Developer/usr/bin/make -f CMakeFiles/cmTC_a1dda.dir/build.make CMakeFiles/cmTC_a1dda.dir/build
Building CXX object CMakeFiles/cmTC_a1dda.dir/src.cxx.o
/usr/bin/llvm-g++   -I/usr/local/Cellar/libusb/1.0.22/include/libusb-1.0  -fvisibility=hidden -fvisibility-inlines-hidden -DHAVE_PTHREAD_SETNAME   -o CMakeFiles/cmTC_a1dda.dir/src.cxx.o -c /Users/prager/Projects/uhd/build/CMakeFiles/CMakeTmp/src.cxx
/Users/prager/Projects/uhd/build/CMakeFiles/CMakeTmp/src.cxx:6:9: error: no matching function for call to 'pthread_setname_np'
        pthread_setname_np(pt, pt_name);
        ^~~~~~~~~~~~~~~~~~
/usr/include/pthread.h:500:5: note: candidate function not viable: requires 1 argument, but 2 were provided
int     pthread_setname_np(const char*);
        ^
1 error generated.
make[1]: *** [CMakeFiles/cmTC_a1dda.dir/src.cxx.o] Error 1
make: *** [cmTC_a1dda/fast] Error 2

Source file was:

    #include <pthread.h>
    int main(){
        pthread_t pt;
        const char* pt_name = "test";
        pthread_setname_np(pt, pt_name);
        return 0;
    }
    
Performing C++ SOURCE FILE Test HAVE_CLOCK_GETTIME failed with the following output:
Change Dir: /Users/prager/Projects/uhd/build/CMakeFiles/CMakeTmp

Run Build Command:"/usr/bin/make" "cmTC_62a93/fast"
/Applications/Xcode.app/Contents/Developer/usr/bin/make -f CMakeFiles/cmTC_62a93.dir/build.make CMakeFiles/cmTC_62a93.dir/build
Building CXX object CMakeFiles/cmTC_62a93.dir/src.cxx.o
/usr/bin/llvm-g++   -I/usr/local/Cellar/libusb/1.0.22/include/libusb-1.0  -fvisibility=hidden -fvisibility-inlines-hidden -DHAVE_CLOCK_GETTIME   -o CMakeFiles/cmTC_62a93.dir/src.cxx.o -c /Users/prager/Projects/uhd/build/CMakeFiles/CMakeTmp/src.cxx
Linking CXX executable cmTC_62a93
/usr/local/Cellar/cmake/3.11.1/bin/cmake -E cmake_link_script CMakeFiles/cmTC_62a93.dir/link.txt --verbose=1
/usr/bin/llvm-g++   -fvisibility=hidden -fvisibility-inlines-hidden -DHAVE_CLOCK_GETTIME -Wl,-search_paths_first -Wl,-headerpad_max_install_names   CMakeFiles/cmTC_62a93.dir/src.cxx.o  -o cmTC_62a93 -lrt 
ld: library not found for -lrt
clang: error: linker command failed with exit code 1 (use -v to see invocation)
make[1]: *** [cmTC_62a93] Error 1
make: *** [cmTC_62a93/fast] Error 2

Source file was:

    #include <ctime>
    int main(){
        timespec ts;
        return clock_gettime(CLOCK_MONOTONIC, &ts);
    }
    
Performing C++ SOURCE FILE Test HAVE_QUERY_PERFORMANCE_COUNTER failed with the following output:
Change Dir: /Users/prager/Projects/uhd/build/CMakeFiles/CMakeTmp

Run Build Command:"/usr/bin/make" "cmTC_4e1d6/fast"
/Applications/Xcode.app/Contents/Developer/usr/bin/make -f CMakeFiles/cmTC_4e1d6.dir/build.make CMakeFiles/cmTC_4e1d6.dir/build
Building CXX object CMakeFiles/cmTC_4e1d6.dir/src.cxx.o
/usr/bin/llvm-g++   -I/usr/local/Cellar/libusb/1.0.22/include/libusb-1.0  -fvisibility=hidden -fvisibility-inlines-hidden -DHAVE_QUERY_PERFORMANCE_COUNTER   -o CMakeFiles/cmTC_4e1d6.dir/src.cxx.o -c /Users/prager/Projects/uhd/build/CMakeFiles/CMakeTmp/src.cxx
/Users/prager/Projects/uhd/build/CMakeFiles/CMakeTmp/src.cxx:2:14: fatal error: 'Windows.h' file not found
    #include <Windows.h>
             ^~~~~~~~~~~
1 error generated.
make[1]: *** [CMakeFiles/cmTC_4e1d6.dir/src.cxx.o] Error 1
make: *** [cmTC_4e1d6/fast] Error 2

Source file was:

    #include <Windows.h>
    int main(){
        LARGE_INTEGER value;
        QueryPerformanceCounter(&value);
        QueryPerformanceFrequency(&value);
        return 0;
    }
    
Performing C++ SOURCE FILE Test HAVE_LOAD_LIBRARY failed with the following output:
Change Dir: /Users/prager/Projects/uhd/build/CMakeFiles/CMakeTmp

Run Build Command:"/usr/bin/make" "cmTC_8334f/fast"
/Applications/Xcode.app/Contents/Developer/usr/bin/make -f CMakeFiles/cmTC_8334f.dir/build.make CMakeFiles/cmTC_8334f.dir/build
Building CXX object CMakeFiles/cmTC_8334f.dir/src.cxx.o
/usr/bin/llvm-g++   -I/usr/local/Cellar/libusb/1.0.22/include/libusb-1.0  -fvisibility=hidden -fvisibility-inlines-hidden -DHAVE_LOAD_LIBRARY   -o CMakeFiles/cmTC_8334f.dir/src.cxx.o -c /Users/prager/Projects/uhd/build/CMakeFiles/CMakeTmp/src.cxx
/Users/prager/Projects/uhd/build/CMakeFiles/CMakeTmp/src.cxx:3:14: fatal error: 'windows.h' file not found
    #include <windows.h>
             ^~~~~~~~~~~
1 error generated.
make[1]: *** [CMakeFiles/cmTC_8334f.dir/src.cxx.o] Error 1
make: *** [cmTC_8334f/fast] Error 2

Source file was:

    #define WIN32_LEAN_AND_MEAN
    #include <windows.h>
    int main(){
        LoadLibrary(0);
        return 0;
    }
    
Determining if the include file winsock2.h exists failed with the following output:
Change Dir: /Users/prager/Projects/uhd/build/CMakeFiles/CMakeTmp

Run Build Command:"/usr/bin/make" "cmTC_bc90a/fast"
/Applications/Xcode.app/Contents/Developer/usr/bin/make -f CMakeFiles/cmTC_bc90a.dir/build.make CMakeFiles/cmTC_bc90a.dir/build
Building CXX object CMakeFiles/cmTC_bc90a.dir/CheckIncludeFile.cxx.o
/usr/bin/llvm-g++   -I/usr/local/Cellar/libusb/1.0.22/include/libusb-1.0  -fvisibility=hidden -fvisibility-inlines-hidden    -o CMakeFiles/cmTC_bc90a.dir/CheckIncludeFile.cxx.o -c /Users/prager/Projects/uhd/build/CMakeFiles/CMakeTmp/CheckIncludeFile.cxx
/Users/prager/Projects/uhd/build/CMakeFiles/CMakeTmp/CheckIncludeFile.cxx:1:10: fatal error: 'winsock2.h' file not found
#include <winsock2.h>
         ^~~~~~~~~~~~
1 error generated.
make[1]: *** [CMakeFiles/cmTC_bc90a.dir/CheckIncludeFile.cxx.o] Error 1
make: *** [cmTC_bc90a/fast] Error 2


Determining if the include file atlbase.h exists failed with the following output:
Change Dir: /Users/prager/Projects/uhd/build/CMakeFiles/CMakeTmp

Run Build Command:"/usr/bin/make" "cmTC_f974d/fast"
/Applications/Xcode.app/Contents/Developer/usr/bin/make -f CMakeFiles/cmTC_f974d.dir/build.make CMakeFiles/cmTC_f974d.dir/build
Building CXX object CMakeFiles/cmTC_f974d.dir/CheckIncludeFile.cxx.o
/usr/bin/llvm-g++   -I/usr/local/Cellar/libusb/1.0.22/include/libusb-1.0  -fvisibility=hidden -fvisibility-inlines-hidden    -o CMakeFiles/cmTC_f974d.dir/CheckIncludeFile.cxx.o -c /Users/prager/Projects/uhd/build/CMakeFiles/CMakeTmp/CheckIncludeFile.cxx
/Users/prager/Projects/uhd/build/CMakeFiles/CMakeTmp/CheckIncludeFile.cxx:1:10: fatal error: 'atlbase.h' file not found
#include <atlbase.h>
         ^~~~~~~~~~~
1 error generated.
make[1]: *** [CMakeFiles/cmTC_f974d.dir/CheckIncludeFile.cxx.o] Error 1
make: *** [cmTC_f974d/fast] Error 2


